<?xml version="1.0" encoding="UTF-8"?>
<robot generator="Robot 7.1.1 (Python 3.13.0 on win32)" generated="2024-11-19T17:17:28.628185" rpa="false" schemaversion="5">
<suite id="s1" name="Wikipedia testA" source="C:\Users\35845\Desktop\HaagaHelia\Teknologiat\Seminaari\Testaus\tests\Wikipedia_testA.robot">
<test id="s1-t1" name="Initial Test" line="6">
<kw name="Open page">
<kw name="Open Browser" owner="SeleniumLibrary">
<msg time="2024-11-19T17:17:28.843166" level="INFO">Opening browser 'Chrome' to base url 'https://www.wikipedia.fi'.</msg>
<arg>${URL}</arg>
<arg>${Browser}</arg>
<doc>Opens a new browser instance to the optional ``url``.</doc>
<status status="PASS" start="2024-11-19T17:17:28.842919" elapsed="2.025234"/>
</kw>
<status status="PASS" start="2024-11-19T17:17:28.842310" elapsed="2.026026"/>
</kw>
<kw name="Sleep" owner="BuiltIn">
<msg time="2024-11-19T17:17:35.869662" level="INFO">Slept 5 seconds.</msg>
<arg>5s</arg>
<doc>Pauses the test executed for the given time.</doc>
<status status="PASS" start="2024-11-19T17:17:30.868686" elapsed="5.001096"/>
</kw>
<kw name="Close Browser" owner="SeleniumLibrary">
<doc>Closes the current browser.</doc>
<status status="PASS" start="2024-11-19T17:17:35.870185" elapsed="2.115353"/>
</kw>
<status status="PASS" start="2024-11-19T17:17:28.841698" elapsed="9.144307"/>
</test>
<test id="s1-t2" name="Search for robot framework" line="11">
<kw name="Open page">
<kw name="Open Browser" owner="SeleniumLibrary">
<msg time="2024-11-19T17:17:37.987890" level="INFO">Opening browser 'Chrome' to base url 'https://www.wikipedia.fi'.</msg>
<arg>${URL}</arg>
<arg>${Browser}</arg>
<doc>Opens a new browser instance to the optional ``url``.</doc>
<status status="PASS" start="2024-11-19T17:17:37.987706" elapsed="2.019580"/>
</kw>
<status status="PASS" start="2024-11-19T17:17:37.987457" elapsed="2.019973"/>
</kw>
<kw name="Wait Until Element Is Visible" owner="SeleniumLibrary">
<arg>id=searchInput</arg>
<doc>Waits until the element ``locator`` is visible.</doc>
<status status="PASS" start="2024-11-19T17:17:40.007722" elapsed="0.018768"/>
</kw>
<kw name="Input Text" owner="SeleniumLibrary">
<msg time="2024-11-19T17:17:40.026997" level="INFO">Typing text 'Robot Framework' into text field 'name=search'.</msg>
<arg>name=search</arg>
<arg>Robot Framework</arg>
<doc>Types the given ``text`` into the text field identified by ``locator``.</doc>
<status status="PASS" start="2024-11-19T17:17:40.026806" elapsed="0.093349"/>
</kw>
<kw name="Sleep" owner="BuiltIn">
<msg time="2024-11-19T17:17:42.121726" level="INFO">Slept 2 seconds.</msg>
<arg>2s</arg>
<doc>Pauses the test executed for the given time.</doc>
<status status="PASS" start="2024-11-19T17:17:40.120510" elapsed="2.001338"/>
</kw>
<kw name="Press Keys" owner="SeleniumLibrary">
<msg time="2024-11-19T17:17:42.122615" level="INFO">Sending key(s) ('ENTER',) to name=search element.</msg>
<msg time="2024-11-19T17:17:42.398901" level="INFO">Pressing special key ENTER to element.</msg>
<msg time="2024-11-19T17:17:42.398981" level="INFO">Releasing special key ENTER.</msg>
<arg>name=search</arg>
<arg>ENTER</arg>
<doc>Simulates the user pressing key(s) to an element or on the active browser.</doc>
<status status="PASS" start="2024-11-19T17:17:42.122222" elapsed="0.678153"/>
</kw>
<kw name="Sleep" owner="BuiltIn">
<msg time="2024-11-19T17:17:44.801202" level="INFO">Slept 2 seconds.</msg>
<arg>2s</arg>
<doc>Pauses the test executed for the given time.</doc>
<status status="PASS" start="2024-11-19T17:17:42.800712" elapsed="2.000605"/>
</kw>
<kw name="Page Should Contain" owner="SeleniumLibrary">
<msg time="2024-11-19T17:17:44.815347" level="INFO">Current page contains text 'Robot Framework'.</msg>
<arg>Robot Framework</arg>
<doc>Verifies that current page contains ``text``.</doc>
<status status="PASS" start="2024-11-19T17:17:44.801641" elapsed="0.013796"/>
</kw>
<kw name="Close Browser" owner="SeleniumLibrary">
<doc>Closes the current browser.</doc>
<status status="PASS" start="2024-11-19T17:17:44.815791" elapsed="2.127313"/>
</kw>
<doc>Input text into search field and press enter to search</doc>
<status status="PASS" start="2024-11-19T17:17:37.986995" elapsed="8.956491"/>
</test>
<test id="s1-t3" name="Search with a very long search input" line="23">
<kw name="Open page">
<kw name="Open Browser" owner="SeleniumLibrary">
<msg time="2024-11-19T17:17:46.945423" level="INFO">Opening browser 'Chrome' to base url 'https://www.wikipedia.fi'.</msg>
<arg>${URL}</arg>
<arg>${Browser}</arg>
<doc>Opens a new browser instance to the optional ``url``.</doc>
<status status="PASS" start="2024-11-19T17:17:46.945247" elapsed="1.938525"/>
</kw>
<status status="PASS" start="2024-11-19T17:17:46.944974" elapsed="1.938930"/>
</kw>
<kw name="Wait Until Element Is Visible" owner="SeleniumLibrary">
<arg>id=searchInput</arg>
<doc>Waits until the element ``locator`` is visible.</doc>
<status status="PASS" start="2024-11-19T17:17:48.884322" elapsed="0.066066"/>
</kw>
<kw name="Input Text" owner="SeleniumLibrary">
<msg time="2024-11-19T17:17:48.950964" level="INFO">Typing text 'Pneumonoultra­mikroskopiko­silikovulkanokonioosi' into text field 'name=search'.</msg>
<arg>name=search</arg>
<arg>Pneumonoultra­mikroskopiko­silikovulkanokonioosi</arg>
<doc>Types the given ``text`` into the text field identified by ``locator``.</doc>
<status status="PASS" start="2024-11-19T17:17:48.950743" elapsed="0.119399"/>
</kw>
<kw name="Sleep" owner="BuiltIn">
<msg time="2024-11-19T17:17:51.071731" level="INFO">Slept 2 seconds.</msg>
<arg>2s</arg>
<doc>Pauses the test executed for the given time.</doc>
<status status="PASS" start="2024-11-19T17:17:49.070533" elapsed="2.001327"/>
</kw>
<kw name="Press Keys" owner="SeleniumLibrary">
<msg time="2024-11-19T17:17:51.072628" level="INFO">Sending key(s) ('ENTER',) to name=search element.</msg>
<msg time="2024-11-19T17:17:51.342918" level="INFO">Pressing special key ENTER to element.</msg>
<msg time="2024-11-19T17:17:51.342993" level="INFO">Releasing special key ENTER.</msg>
<arg>name=search</arg>
<arg>ENTER</arg>
<doc>Simulates the user pressing key(s) to an element or on the active browser.</doc>
<status status="PASS" start="2024-11-19T17:17:51.072254" elapsed="1.092161"/>
</kw>
<kw name="Sleep" owner="BuiltIn">
<msg time="2024-11-19T17:17:54.165943" level="INFO">Slept 2 seconds.</msg>
<arg>2s</arg>
<doc>Pauses the test executed for the given time.</doc>
<status status="PASS" start="2024-11-19T17:17:52.164816" elapsed="2.001244"/>
</kw>
<kw name="Page Should Contain" owner="SeleniumLibrary">
<msg time="2024-11-19T17:17:54.214964" level="INFO">Current page contains text 'Pneumonoultra­mikroskopiko­silikovulkanokonioosi on sanasepite'.</msg>
<arg>Pneumonoultra­mikroskopiko­silikovulkanokonioosi on sanasepite</arg>
<doc>Verifies that current page contains ``text``.</doc>
<status status="PASS" start="2024-11-19T17:17:54.166451" elapsed="0.048605"/>
</kw>
<kw name="Sleep" owner="BuiltIn">
<msg time="2024-11-19T17:17:56.216445" level="INFO">Slept 2 seconds.</msg>
<arg>2s</arg>
<doc>Pauses the test executed for the given time.</doc>
<status status="PASS" start="2024-11-19T17:17:54.215356" elapsed="2.001207"/>
</kw>
<kw name="Input Text" owner="SeleniumLibrary">
<msg time="2024-11-19T17:17:56.217365" level="INFO">Typing text 'aklsjflajwiouawoiuraoiwjrakmdwkmdlawueroaiwuroisufdkfjkdsljflskersiewuoaisdalskcmsmclekmfleroiuewroijsdflkdjfdlkfmaklsjflajwiouawoiuraoiwjrakmdwkmdlawueroaiwuroisufdkfjkdsljflskersiewuoaisdalskcmsmclekmfleroiuewroijsdflkdjfdlkfmaklsjflajwiouawoiuraoiwjrakmdwkmdlawueroaiwuroisufdkfjkdsljflskersiewuoaisdalskcmsmclekmfleroiuewroijsdflkdjfdlkfmaklsjflajwiouawoiuraoiwjrakmdwkmdlawueroaiwuroisufdkfjkdsljflskersiewuoaisdalskcmsmclekmfleroiuewroijsdflkdjfdlkfm' into text field 'name=search'.</msg>
<arg>name=search</arg>
<arg>aklsjflajwiouawoiuraoiwjrakmdwkmdlawueroaiwuroisufdkfjkdsljflskersiewuoaisdalskcmsmclekmfleroiuewroijsdflkdjfdlkfmaklsjflajwiouawoiuraoiwjrakmdwkmdlawueroaiwuroisufdkfjkdsljflskersiewuoaisdalskcmsmclekmfleroiuewroijsdflkdjfdlkfmaklsjflajwiouawoiuraoiwjrakmdwkmdlawueroaiwuroisufdkfjkdsljflskersiewuoaisdalskcmsmclekmfleroiuewroijsdflkdjfdlkfmaklsjflajwiouawoiuraoiwjrakmdwkmdlawueroaiwuroisufdkfjkdsljflskersiewuoaisdalskcmsmclekmfleroiuewroijsdflkdjfdlkfm</arg>
<doc>Types the given ``text`` into the text field identified by ``locator``.</doc>
<status status="PASS" start="2024-11-19T17:17:56.217161" elapsed="0.411291"/>
</kw>
<kw name="Press Keys" owner="SeleniumLibrary">
<msg time="2024-11-19T17:17:56.629810" level="INFO">Sending key(s) ('ENTER',) to name=search element.</msg>
<msg time="2024-11-19T17:17:56.909891" level="INFO">Pressing special key ENTER to element.</msg>
<msg time="2024-11-19T17:17:56.909961" level="INFO">Releasing special key ENTER.</msg>
<arg>name=search</arg>
<arg>ENTER</arg>
<doc>Simulates the user pressing key(s) to an element or on the active browser.</doc>
<status status="PASS" start="2024-11-19T17:17:56.629440" elapsed="0.748943"/>
</kw>
<kw name="Wait Until Element Is Visible" owner="SeleniumLibrary">
<arg>class=cdx-message__content</arg>
<doc>Waits until the element ``locator`` is visible.</doc>
<status status="PASS" start="2024-11-19T17:17:57.378870" elapsed="0.587074"/>
</kw>
<kw name="Page Should Contain" owner="SeleniumLibrary">
<msg time="2024-11-19T17:17:57.980675" level="INFO">Current page contains text 'Haku epäonnistui'.</msg>
<arg>Haku epäonnistui</arg>
<doc>Verifies that current page contains ``text``.</doc>
<status status="PASS" start="2024-11-19T17:17:57.966265" elapsed="0.014552"/>
</kw>
<kw name="Sleep" owner="BuiltIn">
<msg time="2024-11-19T17:17:59.981983" level="INFO">Slept 2 seconds.</msg>
<arg>2s</arg>
<doc>Pauses the test executed for the given time.</doc>
<status status="PASS" start="2024-11-19T17:17:57.981130" elapsed="2.000967"/>
</kw>
<kw name="Close Browser" owner="SeleniumLibrary">
<doc>Closes the current browser.</doc>
<status status="PASS" start="2024-11-19T17:17:59.982411" elapsed="2.119085"/>
</kw>
<doc>Input a very long search input into the search field and press enter to search
First one should work, second one should receive error message that the search input is too long</doc>
<status status="PASS" start="2024-11-19T17:17:46.944422" elapsed="15.157699"/>
</test>
<test id="s1-t4" name="Follow links" line="42">
<kw name="Open page">
<kw name="Open Browser" owner="SeleniumLibrary">
<msg time="2024-11-19T17:18:02.104025" level="INFO">Opening browser 'Chrome' to base url 'https://www.wikipedia.fi'.</msg>
<arg>${URL}</arg>
<arg>${Browser}</arg>
<doc>Opens a new browser instance to the optional ``url``.</doc>
<status status="PASS" start="2024-11-19T17:18:02.103852" elapsed="1.936691"/>
</kw>
<status status="PASS" start="2024-11-19T17:18:02.103609" elapsed="1.937110"/>
</kw>
<kw name="Input Text" owner="SeleniumLibrary">
<msg time="2024-11-19T17:18:04.041266" level="INFO">Typing text 'ikea' into text field 'name=search'.</msg>
<arg>name=search</arg>
<arg>ikea</arg>
<doc>Types the given ``text`` into the text field identified by ``locator``.</doc>
<status status="PASS" start="2024-11-19T17:18:04.041061" elapsed="0.145953"/>
</kw>
<kw name="Press Keys" owner="SeleniumLibrary">
<msg time="2024-11-19T17:18:04.187830" level="INFO">Sending key(s) ('ENTER',) to name=search element.</msg>
<msg time="2024-11-19T17:18:04.475622" level="INFO">Pressing special key ENTER to element.</msg>
<msg time="2024-11-19T17:18:04.475695" level="INFO">Releasing special key ENTER.</msg>
<arg>name=search</arg>
<arg>ENTER</arg>
<doc>Simulates the user pressing key(s) to an element or on the active browser.</doc>
<status status="PASS" start="2024-11-19T17:18:04.187449" elapsed="0.786539"/>
</kw>
<kw name="Click Link" owner="SeleniumLibrary">
<msg time="2024-11-19T17:18:04.974490" level="INFO">Clicking link 'postimyynnillä'.</msg>
<arg>postimyynnillä</arg>
<doc>Clicks a link identified by ``locator``.</doc>
<status status="PASS" start="2024-11-19T17:18:04.974320" elapsed="0.709200"/>
</kw>
<kw name="Click Link" owner="SeleniumLibrary">
<msg time="2024-11-19T17:18:05.684097" level="INFO">Clicking link 'toisen maailmansodan'.</msg>
<arg>toisen maailmansodan</arg>
<doc>Clicks a link identified by ``locator``.</doc>
<status status="PASS" start="2024-11-19T17:18:05.683883" elapsed="0.340394"/>
</kw>
<kw name="Sleep" owner="BuiltIn">
<msg time="2024-11-19T17:18:08.025137" level="INFO">Slept 2 seconds.</msg>
<arg>2s</arg>
<doc>Pauses the test executed for the given time.</doc>
<status status="PASS" start="2024-11-19T17:18:06.024630" elapsed="2.000624"/>
</kw>
<kw name="Page Should Contain" owner="SeleniumLibrary">
<msg time="2024-11-19T17:18:08.045230" level="INFO">Current page contains text 'Ensimmäisen maailmansodan rauhanteko'.</msg>
<arg>Ensimmäisen maailmansodan rauhanteko</arg>
<doc>Verifies that current page contains ``text``.</doc>
<status status="PASS" start="2024-11-19T17:18:08.025646" elapsed="0.019694"/>
</kw>
<kw name="Close Browser" owner="SeleniumLibrary">
<doc>Closes the current browser.</doc>
<status status="PASS" start="2024-11-19T17:18:08.045621" elapsed="2.101620"/>
</kw>
<doc>Click links on different pages and make sure they redirect to new pages</doc>
<status status="PASS" start="2024-11-19T17:18:02.103187" elapsed="8.044453"/>
</test>
<status status="PASS" start="2024-11-19T17:17:28.629529" elapsed="41.519179"/>
</suite>
<statistics>
<total>
<stat pass="4" fail="0" skip="0">All Tests</stat>
</total>
<tag>
</tag>
<suite>
<stat pass="4" fail="0" skip="0" id="s1" name="Wikipedia testA">Wikipedia testA</stat>
</suite>
</statistics>
<errors>
</errors>
</robot>
